<?xml version="1.0" encoding="UTF-8"?>
<testng-results skipped="0" failed="0" ignored="0" total="1" passed="1">
  <reporter-output>
  </reporter-output>
  <suite name="Default suite" duration-ms="15953" started-at="2020-02-29T14:48:53Z" finished-at="2020-02-29T14:49:09Z">
    <groups>
    </groups>
    <test name="Default test" duration-ms="15953" started-at="2020-02-29T14:48:53Z" finished-at="2020-02-29T14:49:09Z">
      <class name="com.internetbanking.testCase.TC_LoginTest_001">
        <test-method status="PASS" signature="setup()[pri:0, instance:com.internetbanking.testCase.TC_LoginTest_001@4cf777e8]" name="setup" is-config="true" duration-ms="6817" started-at="2020-02-29T14:48:53Z" finished-at="2020-02-29T14:49:00Z">
          <reporter-output>
          </reporter-output>
        </test-method> <!-- setup -->
        <test-method status="PASS" signature="loginTest()[pri:0, instance:com.internetbanking.testCase.TC_LoginTest_001@4cf777e8]" name="loginTest" duration-ms="8410" started-at="2020-02-29T14:49:00Z" finished-at="2020-02-29T14:49:09Z">
          <reporter-output>
          </reporter-output>
        </test-method> <!-- loginTest -->
        <test-method status="PASS" signature="tearDown()[pri:0, instance:com.internetbanking.testCase.TC_LoginTest_001@4cf777e8]" name="tearDown" is-config="true" duration-ms="698" started-at="2020-02-29T14:49:09Z" finished-at="2020-02-29T14:49:09Z">
          <reporter-output>
          </reporter-output>
        </test-method> <!-- tearDown -->
      </class> <!-- com.internetbanking.testCase.TC_LoginTest_001 -->
    </test> <!-- Default test -->
  </suite> <!-- Default suite -->
</testng-results>
